Selected Scan Type: intense
Scanning 192.168.1.67 with the following command:
sudo nmap -T4 -A -v -oA /var/www/html/ShadowStrike/results/Endpoint/20241217_164656/nmap_output_20241217_164656 192.168.1.67
Starting Nmap 7.94SVN ( https://nmap.org ) at 2024-12-17 16:46 EST
NSE: Loaded 156 scripts for scanning.
NSE: Script Pre-scanning.
Initiating NSE at 16:46
Completed NSE at 16:46, 0.00s elapsed
Initiating NSE at 16:46
Completed NSE at 16:46, 0.00s elapsed
Initiating NSE at 16:46
Completed NSE at 16:46, 0.00s elapsed
Initiating Parallel DNS resolution of 1 host. at 16:46
Completed Parallel DNS resolution of 1 host. at 16:46, 0.01s elapsed
Initiating SYN Stealth Scan at 16:46
Scanning kali (192.168.1.67) [1000 ports]
Discovered open port 80/tcp on 192.168.1.67
Completed SYN Stealth Scan at 16:46, 0.03s elapsed (1000 total ports)
Initiating Service scan at 16:46
Scanning 1 service on kali (192.168.1.67)
Completed Service scan at 16:47, 6.02s elapsed (1 service on 1 host)
Initiating OS detection (try #1) against kali (192.168.1.67)
Retrying OS detection (try #2) against kali (192.168.1.67)
Retrying OS detection (try #3) against kali (192.168.1.67)
Retrying OS detection (try #4) against kali (192.168.1.67)
Retrying OS detection (try #5) against kali (192.168.1.67)
NSE: Script scanning 192.168.1.67.
Initiating NSE at 16:47
Completed NSE at 16:47, 0.10s elapsed
Initiating NSE at 16:47
Completed NSE at 16:47, 0.01s elapsed
Initiating NSE at 16:47
Completed NSE at 16:47, 0.00s elapsed
Nmap scan report for kali (192.168.1.67)
Host is up (0.000035s latency).
Not shown: 999 closed tcp ports (reset)
PORT   STATE SERVICE VERSION
80/tcp open  http    Apache httpd 2.4.62 ((Debian))
|_http-title: ARP Spoofing Tool
|_http-server-header: Apache/2.4.62 (Debian)
| http-methods: 
|_  Supported Methods: GET POST OPTIONS HEAD
No exact OS matches for host (If you know what OS is running on it, see https://nmap.org/submit/ ).
TCP/IP fingerprint:
OS:SCAN(V=7.94SVN%E=4%D=12/17%OT=80%CT=1%CU=39118%PV=Y%DS=0%DC=L%G=Y%TM=676
OS:1F162%P=x86_64-pc-linux-gnu)SEQ(SP=102%GCD=1%ISR=10D%TI=Z%CI=Z%II=I%TS=A
OS:)OPS(O1=MFFD7ST11NW7%O2=MFFD7ST11NW7%O3=MFFD7NNT11NW7%O4=MFFD7ST11NW7%O5
OS:=MFFD7ST11NW7%O6=MFFD7ST11)WIN(W1=8200%W2=8200%W3=8200%W4=8200%W5=8200%W
OS:6=8200)ECN(R=Y%DF=Y%T=40%W=8200%O=MFFD7NNSNW7%CC=Y%Q=)T1(R=Y%DF=Y%T=40%S
OS:=O%A=S+%F=AS%RD=0%Q=)T2(R=N)T3(R=N)T4(R=Y%DF=Y%T=40%W=0%S=A%A=Z%F=R%O=%R
OS:D=0%Q=)T5(R=Y%DF=Y%T=40%W=0%S=Z%A=S+%F=AR%O=%RD=0%Q=)T6(R=Y%DF=Y%T=40%W=
OS:0%S=A%A=Z%F=R%O=%RD=0%Q=)T7(R=Y%DF=Y%T=40%W=0%S=Z%A=S+%F=AR%O=%RD=0%Q=)U
OS:1(R=Y%DF=N%T=40%IPL=164%UN=0%RIPL=G%RID=G%RIPCK=G%RUCK=G%RUD=G)IE(R=Y%DF
OS:I=N%T=40%CD=S)

Uptime guess: 5.446 days (since Thu Dec 12 06:05:39 2024)
Network Distance: 0 hops
TCP Sequence Prediction: Difficulty=258 (Good luck!)
IP ID Sequence Generation: All zeros

NSE: Script Post-scanning.
Initiating NSE at 16:47
Completed NSE at 16:47, 0.00s elapsed
Initiating NSE at 16:47
Completed NSE at 16:47, 0.00s elapsed
Initiating NSE at 16:47
Completed NSE at 16:47, 0.00s elapsed
Read data files from: /usr/share/nmap
OS and Service detection performed. Please report any incorrect results at https://nmap.org/submit/ .
Nmap done: 1 IP address (1 host up) scanned in 17.95 seconds
           Raw packets sent: 1110 (52.890KB) | Rcvd: 2211 (98.944KB)
Performing traceroute to 192.168.1.67...
Warning: program compiled against libxml 212 using older 209
grep: /var/www/html/scans/update/network_scan_tool/results/Endpoint/nmap_output_20241217_164656.xml: No such file or directory
grep: /var/www/html/scans/update/network_scan_tool/results/Endpoint/nmap_output_20241217_164656.xml: No such file or directory
Extracted MAC: Unknown MAC
Extracted Hostname: Unknown Host
/var/www/html/ShadowStrike/Scripts/endpoint_scan.sh: line 151: ${d.ip}\nOther: bad substitution
Topology saved to /var/www/html/ShadowStrike/results/Endpoint/20241217_164656/all_endpoint.php
Processing /var/www/html/ShadowStrike/results/Endpoint/20241217_164656//all_endpoint.txt
Sent /var/www/html/ShadowStrike/results/Endpoint/20241217_164656//report.pdf to Telegram successfully.
Sent /var/www/html/ShadowStrike/results/Endpoint/20241217_164656//attack_commands.pdf to Telegram successfully.
Sent /var/www/html/ShadowStrike/results/Endpoint/20241217_164656//solutions.pdf to Telegram successfully.
All reports processed and sent to Telegram.
